#
# There is insufficient memory for the Java Runtime Environment to continue.
# Native memory allocation (malloc) failed to allocate 796656 bytes for Chunk::new
# Possible reasons:
#   The system is out of physical RAM or swap space
#   The process is running with CompressedOops enabled, and the Java Heap may be blocking the growth of the native heap
# Possible solutions:
#   Reduce memory load on the system
#   Increase physical memory or swap space
#   Check if swap backing store is full
#   Decrease Java heap size (-Xmx/-Xms)
#   Decrease number of Java threads
#   Decrease Java thread stack sizes (-Xss)
#   Set larger code cache with -XX:ReservedCodeCacheSize=
#   JVM is running with Unscaled Compressed Oops mode in which the Java heap is
#     placed in the first 4GB address space. The Java Heap base address is the
#     maximum limit for the native heap growth. Please use -XX:HeapBaseMinAddress
#     to set the Java Heap base and to place the Java Heap above 4GB virtual address.
# This output file may be truncated or incomplete.
#
#  Out of Memory Error (./open/src/hotspot/share/memory/arena.cpp:197), pid=4976, tid=4208
#
# JRE version: Java(TM) SE Runtime Environment 18.9 (11.0.12+8) (build 11.0.12+8-LTS-237)
# Java VM: Java HotSpot(TM) 64-Bit Server VM 18.9 (11.0.12+8-LTS-237, mixed mode, tiered, compressed oops, parallel gc, windows-amd64)
# No core dump will be written. Minidumps are not enabled by default on client versions of Windows
#

---------------  S U M M A R Y ------------

Command Line: --add-modules=ALL-SYSTEM --add-opens=java.base/java.util=ALL-UNNAMED --add-opens=java.base/java.lang=ALL-UNNAMED -Declipse.application=org.eclipse.jdt.ls.core.id1 -Dosgi.bundles.defaultStartLevel=4 -Declipse.product=org.eclipse.jdt.ls.core.product -Dfile.encoding=utf8 -DwatchParentProcess=false -XX:+UseParallelGC -XX:GCTimeRatio=4 -XX:AdaptiveSizePolicyWeight=90 -Dsun.zip.disableMemoryMapping=true -Xmx1G -Xms100m -Xverify:none c:\Users\William Aldana\.vscode\extensions\redhat.java-1.0.0\server\plugins\org.eclipse.equinox.launcher_1.6.400.v20210924-0641.jar -configuration c:\Users\William Aldana\AppData\Roaming\Code\User\globalStorage\redhat.java\1.0.0\config_win -data c:\Users\William Aldana\AppData\Roaming\Code\User\workspaceStorage\30edd49cbc6005e2528ee9d81e6d94ed\redhat.java\jdt_ws

Host: Intel(R) Core(TM) i7-3540M CPU @ 3.00GHz, 4 cores, 3G,  Windows 10 , 64 bit Build 19041 (10.0.19041.928)
Time: Sat Nov 13 03:10:06 2021 Hora est. Pacífico, Sudamérica elapsed time: 3.733087 seconds (0d 0h 0m 3s)

---------------  T H R E A D  ---------------

Current thread (0x0000018530f9d800):  JavaThread "C2 CompilerThread0" daemon [_thread_in_native, id=4208, stack(0x0000003fb5300000,0x0000003fb5400000)]


Current CompileTask:
C2:   3733 2293 % !   4       java.util.jar.Attributes::read @ 186 (390 bytes)

Stack: [0x0000003fb5300000,0x0000003fb5400000]
Native frames: (J=compiled Java code, j=interpreted, Vv=VM code, C=native code)
V  [jvm.dll+0x617d9a]
V  [jvm.dll+0x74eeef]
V  [jvm.dll+0x750599]
V  [jvm.dll+0x750c23]
V  [jvm.dll+0x2438d8]
V  [jvm.dll+0xba6dc]
V  [jvm.dll+0xbac9c]
V  [jvm.dll+0x346972]
V  [jvm.dll+0x3147a3]
V  [jvm.dll+0x313aea]
V  [jvm.dll+0x1fd105]
V  [jvm.dll+0x1fc2ed]
V  [jvm.dll+0x17f18c]
V  [jvm.dll+0x20b87c]
V  [jvm.dll+0x20997b]
V  [jvm.dll+0x716359]
V  [jvm.dll+0x70f064]
V  [msvcp_win.dll+0x616f66]
C  [ucrtbase.dll+0x21bb2]
C  [KERNEL32.DLL+0x17034]
C  [ntdll.dll+0x52651]


---------------  P R O C E S S  ---------------

Threads class SMR info:
_java_thread_list=0x000001853359ff00, length=20, elements={
0x0000018516987000, 0x0000018530f26800, 0x0000018530f32000, 0x0000018530f97800,
0x0000018530f98800, 0x0000018530f9c000, 0x0000018530f9d800, 0x0000018530f4b800,
0x0000018530f4d000, 0x0000018532208800, 0x000001853244c000, 0x0000018533185000,
0x0000018532a9d800, 0x0000018532aad000, 0x0000018532afb000, 0x0000018532981800,
0x0000018533533000, 0x0000018533612800, 0x000001853376e800, 0x000001853376d000
}

Java Threads: ( => current thread )
  0x0000018516987000 JavaThread "main" [_thread_blocked, id=6148, stack(0x0000003fb4b00000,0x0000003fb4c00000)]
  0x0000018530f26800 JavaThread "Reference Handler" daemon [_thread_blocked, id=1264, stack(0x0000003fb4e00000,0x0000003fb4f00000)]
  0x0000018530f32000 JavaThread "Finalizer" daemon [_thread_blocked, id=4592, stack(0x0000003fb4f00000,0x0000003fb5000000)]
  0x0000018530f97800 JavaThread "Signal Dispatcher" daemon [_thread_blocked, id=3964, stack(0x0000003fb5000000,0x0000003fb5100000)]
  0x0000018530f98800 JavaThread "Attach Listener" daemon [_thread_blocked, id=2696, stack(0x0000003fb5100000,0x0000003fb5200000)]
  0x0000018530f9c000 JavaThread "Service Thread" daemon [_thread_blocked, id=4980, stack(0x0000003fb5200000,0x0000003fb5300000)]
=>0x0000018530f9d800 JavaThread "C2 CompilerThread0" daemon [_thread_in_native, id=4208, stack(0x0000003fb5300000,0x0000003fb5400000)]
  0x0000018530f4b800 JavaThread "C1 CompilerThread0" daemon [_thread_in_native, id=5312, stack(0x0000003fb5400000,0x0000003fb5500000)]
  0x0000018530f4d000 JavaThread "Sweeper thread" daemon [_thread_blocked, id=3804, stack(0x0000003fb5500000,0x0000003fb5600000)]
  0x0000018532208800 JavaThread "Common-Cleaner" daemon [_thread_blocked, id=460, stack(0x0000003fb5600000,0x0000003fb5700000)]
  0x000001853244c000 JavaThread "Active Thread: Equinox Container: 4e52e475-bd64-4638-8e60-78ccbe6d4fe5" [_thread_blocked, id=1980, stack(0x0000003fb5800000,0x0000003fb5900000)]
  0x0000018533185000 JavaThread "Framework Event Dispatcher: Equinox Container: 4e52e475-bd64-4638-8e60-78ccbe6d4fe5" daemon [_thread_blocked, id=5116, stack(0x0000003fb5c00000,0x0000003fb5d00000)]
  0x0000018532a9d800 JavaThread "Start Level: Equinox Container: 4e52e475-bd64-4638-8e60-78ccbe6d4fe5" daemon [_thread_in_vm, id=212, stack(0x0000003fb5d00000,0x0000003fb5e00000)]
  0x0000018532aad000 JavaThread "SCR Component Actor" daemon [_thread_blocked, id=2144, stack(0x0000003fb5e00000,0x0000003fb5f00000)]
  0x0000018532afb000 JavaThread "Timer-0" daemon [_thread_blocked, id=8108, stack(0x0000003fb5f00000,0x0000003fb6000000)]
  0x0000018532981800 JavaThread "Bundle File Closer" daemon [_thread_blocked, id=1624, stack(0x0000003fb6000000,0x0000003fb6100000)]
  0x0000018533533000 JavaThread "Worker-JM" [_thread_blocked, id=480, stack(0x0000003fb6100000,0x0000003fb6200000)]
  0x0000018533612800 JavaThread "Worker-0" [_thread_blocked, id=7672, stack(0x0000003fb6200000,0x0000003fb6300000)]
  0x000001853376e800 JavaThread "Worker-1: Refreshing workspace" [_thread_in_Java, id=4356, stack(0x0000003fb6300000,0x0000003fb6400000)]
  0x000001853376d000 JavaThread "Worker-2" [_thread_blocked, id=3112, stack(0x0000003fb6400000,0x0000003fb6500000)]

Other Threads:
  0x0000018530e5f800 VMThread "VM Thread" [stack: 0x0000003fb4d00000,0x0000003fb4e00000] [id=5544]
  0x000001853235c800 WatcherThread [stack: 0x0000003fb5700000,0x0000003fb5800000] [id=8148]
  0x000001851699d800 GCTaskThread "ParGC Thread#0" [stack: 0x0000003fb4c00000,0x0000003fb4d00000] [id=1808]
  0x000001853243c000 GCTaskThread "ParGC Thread#1" [stack: 0x0000003fb5900000,0x0000003fb5a00000] [id=7988]
  0x00000185324f5000 GCTaskThread "ParGC Thread#2" [stack: 0x0000003fb5a00000,0x0000003fb5b00000] [id=4672]
  0x000001853312c000 GCTaskThread "ParGC Thread#3" [stack: 0x0000003fb5b00000,0x0000003fb5c00000] [id=5948]

Threads with active compile tasks:
C2 CompilerThread0   3762 2293 % !   4       java.util.jar.Attributes::read @ 186 (390 bytes)
C1 CompilerThread0   3762 2326       3       java.lang.String::codePointAt (50 bytes)

VM state:not at safepoint (normal execution)

VM Mutex/Monitor currently owned by a thread: None

Heap address: 0x00000000c0000000, size: 1024 MB, Compressed Oops mode: 32-bit
Narrow klass base: 0x0000000000000000, Narrow klass shift: 3
Compressed class space size: 1073741824 Address: 0x0000000100000000

Heap:
 PSYoungGen      total 29696K, used 2838K [0x00000000eab00000, 0x00000000ec880000, 0x0000000100000000)
  eden space 25600K, 11% used [0x00000000eab00000,0x00000000eadc58b0,0x00000000ec400000)
  from space 4096K, 0% used [0x00000000ec400000,0x00000000ec400000,0x00000000ec800000)
  to   space 512K, 0% used [0x00000000ec800000,0x00000000ec800000,0x00000000ec880000)
 ParOldGen       total 68608K, used 9036K [0x00000000c0000000, 0x00000000c4300000, 0x00000000eab00000)
  object space 68608K, 13% used [0x00000000c0000000,0x00000000c08d3120,0x00000000c4300000)
 Metaspace       used 22716K, capacity 23854K, committed 24064K, reserved 1073152K
  class space    used 2081K, capacity 2507K, committed 2560K, reserved 1048576K

Card table byte_map: [0x000001852e030000,0x000001852e240000] _byte_map_base: 0x000001852da30000

Marking Bits: (ParMarkBitMap*) 0x00007ff9700a67a0
 Begin Bits: [0x000001852e3a0000, 0x000001852f3a0000)
 End Bits:   [0x000001852f3a0000, 0x00000185303a0000)

Polling page: 0x0000018515170000

Metaspace:

Usage:
  Non-class:     20.85 MB capacity,    20.15 MB ( 97%) used,   668.39 KB (  3%) free+waste,    41.56 KB ( <1%) overhead. 
      Class:      2.45 MB capacity,     2.03 MB ( 83%) used,   405.52 KB ( 16%) free+waste,    19.69 KB ( <1%) overhead. 
       Both:     23.29 MB capacity,    22.19 MB ( 95%) used,     1.05 MB (  5%) free+waste,    61.25 KB ( <1%) overhead. 

Virtual space:
  Non-class space:       24.00 MB reserved,      21.00 MB ( 88%) committed 
      Class space:        1.00 GB reserved,       2.50 MB ( <1%) committed 
             Both:        1.02 GB reserved,      23.50 MB (  2%) committed 

Chunk freelists:
   Non-Class:  11.63 KB
       Class:  6.63 KB
        Both:  18.25 KB

CodeHeap 'non-profiled nmethods': size=120064Kb used=707Kb max_used=707Kb free=119356Kb
 bounds [0x0000018526910000, 0x0000018526b80000, 0x000001852de50000]
CodeHeap 'profiled nmethods': size=120000Kb used=5036Kb max_used=5036Kb free=114963Kb
 bounds [0x000001851f3e0000, 0x000001851f8d0000, 0x0000018526910000]
CodeHeap 'non-nmethods': size=5696Kb used=1141Kb max_used=1141Kb free=4554Kb
 bounds [0x000001851ee50000, 0x000001851f0c0000, 0x000001851f3e0000]
 total_blobs=2797 nmethods=2326 adapters=384
 compilation: enabled
              stopped_count=0, restarted_count=0
 full_count=0

Compilation events (10 events):
Event: 3.489 Thread 0x0000018530f4b800 2299       3       org.eclipse.osgi.internal.log.ExtendedLogReaderServiceFactory::getCount (29 bytes)
Event: 3.489 Thread 0x0000018530f4b800 nmethod 2299 0x000001851f8bd710 code [0x000001851f8bd8e0, 0x000001851f8bdd38]
Event: 3.505 Thread 0x0000018530f4b800 2300       3       org.eclipse.osgi.container.Module::getContainer (8 bytes)
Event: 3.505 Thread 0x0000018530f4b800 nmethod 2300 0x000001851f8bde90 code [0x000001851f8be020, 0x000001851f8be138]
Event: 3.513 Thread 0x0000018530f4b800 2301       3       java.util.Arrays::copyOfRange (89 bytes)
Event: 3.514 Thread 0x0000018530f4b800 nmethod 2301 0x000001851f8be210 code [0x000001851f8be4e0, 0x000001851f8bf378]
Event: 3.697 Thread 0x0000018530f4b800 2302   !   3       org.eclipse.osgi.internal.loader.ModuleClassLoader::lockClassName (140 bytes)
Event: 3.699 Thread 0x0000018530f4b800 nmethod 2302 0x000001851f8bf890 code [0x000001851f8bfba0, 0x000001851f8c0e68]
Event: 3.725 Thread 0x0000018530f4b800 2303       1       java.util.concurrent.atomic.AtomicLong::get (5 bytes)
Event: 3.725 Thread 0x0000018530f4b800 nmethod 2303 0x00000185269bef90 code [0x00000185269bf120, 0x00000185269bf1d8]

GC Heap History (10 events):
Event: 3.280 GC heap before
{Heap before GC invocations=5 (full 2):
 PSYoungGen      total 29696K, used 4082K [0x00000000eab00000, 0x00000000ecc00000, 0x0000000100000000)
  eden space 25600K, 0% used [0x00000000eab00000,0x00000000eab00000,0x00000000ec400000)
  from space 4096K, 99% used [0x00000000ec400000,0x00000000ec7fcb18,0x00000000ec800000)
  to   space 4096K, 0% used [0x00000000ec800000,0x00000000ec800000,0x00000000ecc00000)
 ParOldGen       total 68608K, used 5421K [0x00000000c0000000, 0x00000000c4300000, 0x00000000eab00000)
  object space 68608K, 7% used [0x00000000c0000000,0x00000000c054b6a0,0x00000000c4300000)
 Metaspace       used 20302K, capacity 21205K, committed 21248K, reserved 1073152K
  class space    used 1910K, capacity 2280K, committed 2304K, reserved 1048576K
}
Event: 3.365 GC heap after
{Heap after GC invocations=5 (full 2):
 PSYoungGen      total 29696K, used 0K [0x00000000eab00000, 0x00000000ecc00000, 0x0000000100000000)
  eden space 25600K, 0% used [0x00000000eab00000,0x00000000eab00000,0x00000000ec400000)
  from space 4096K, 0% used [0x00000000ec400000,0x00000000ec400000,0x00000000ec800000)
  to   space 4096K, 0% used [0x00000000ec800000,0x00000000ec800000,0x00000000ecc00000)
 ParOldGen       total 68608K, used 9280K [0x00000000c0000000, 0x00000000c4300000, 0x00000000eab00000)
  object space 68608K, 13% used [0x00000000c0000000,0x00000000c0910108,0x00000000c4300000)
 Metaspace       used 20302K, capacity 21205K, committed 21248K, reserved 1073152K
  class space    used 1910K, capacity 2280K, committed 2304K, reserved 1048576K
}
Event: 3.515 GC heap before
{Heap before GC invocations=6 (full 2):
 PSYoungGen      total 29696K, used 4244K [0x00000000eab00000, 0x00000000ecc00000, 0x0000000100000000)
  eden space 25600K, 16% used [0x00000000eab00000,0x00000000eaf25200,0x00000000ec400000)
  from space 4096K, 0% used [0x00000000ec400000,0x00000000ec400000,0x00000000ec800000)
  to   space 4096K, 0% used [0x00000000ec800000,0x00000000ec800000,0x00000000ecc00000)
 ParOldGen       total 68608K, used 9280K [0x00000000c0000000, 0x00000000c4300000, 0x00000000eab00000)
  object space 68608K, 13% used [0x00000000c0000000,0x00000000c0910108,0x00000000c4300000)
 Metaspace       used 21792K, capacity 22935K, committed 23040K, reserved 1081344K
  class space    used 2042K, capacity 2477K, committed 2560K, reserved 1048576K
}
Event: 3.517 GC heap after
{Heap after GC invocations=6 (full 2):
 PSYoungGen      total 29696K, used 547K [0x00000000eab00000, 0x00000000ecc00000, 0x0000000100000000)
  eden space 25600K, 0% used [0x00000000eab00000,0x00000000eab00000,0x00000000ec400000)
  from space 4096K, 13% used [0x00000000ec800000,0x00000000ec888ce0,0x00000000ecc00000)
  to   space 4096K, 0% used [0x00000000ec400000,0x00000000ec400000,0x00000000ec800000)
 ParOldGen       total 68608K, used 9280K [0x00000000c0000000, 0x00000000c4300000, 0x00000000eab00000)
  object space 68608K, 13% used [0x00000000c0000000,0x00000000c0910108,0x00000000c4300000)
 Metaspace       used 21792K, capacity 22935K, committed 23040K, reserved 1081344K
  class space    used 2042K, capacity 2477K, committed 2560K, reserved 1048576K
}
Event: 3.517 GC heap before
{Heap before GC invocations=7 (full 3):
 PSYoungGen      total 29696K, used 547K [0x00000000eab00000, 0x00000000ecc00000, 0x0000000100000000)
  eden space 25600K, 0% used [0x00000000eab00000,0x00000000eab00000,0x00000000ec400000)
  from space 4096K, 13% used [0x00000000ec800000,0x00000000ec888ce0,0x00000000ecc00000)
  to   space 4096K, 0% used [0x00000000ec400000,0x00000000ec400000,0x00000000ec800000)
 ParOldGen       total 68608K, used 9280K [0x00000000c0000000, 0x00000000c4300000, 0x00000000eab00000)
  object space 68608K, 13% used [0x00000000c0000000,0x00000000c0910108,0x00000000c4300000)
 Metaspace       used 21792K, capacity 22935K, committed 23040K, reserved 1081344K
  class space    used 2042K, capacity 2477K, committed 2560K, reserved 1048576K
}
Event: 3.583 GC heap after
{Heap after GC invocations=7 (full 3):
 PSYoungGen      total 29696K, used 0K [0x00000000eab00000, 0x00000000ecc00000, 0x0000000100000000)
  eden space 25600K, 0% used [0x00000000eab00000,0x00000000eab00000,0x00000000ec400000)
  from space 4096K, 0% used [0x00000000ec800000,0x00000000ec800000,0x00000000ecc00000)
  to   space 4096K, 0% used [0x00000000ec400000,0x00000000ec400000,0x00000000ec800000)
 ParOldGen       total 68608K, used 9732K [0x00000000c0000000, 0x00000000c4300000, 0x00000000eab00000)
  object space 68608K, 14% used [0x00000000c0000000,0x00000000c0981150,0x00000000c4300000)
 Metaspace       used 21792K, capacity 22935K, committed 23040K, reserved 1081344K
  class space    used 2042K, capacity 2477K, committed 2560K, reserved 1048576K
}
Event: 3.583 GC heap before
{Heap before GC invocations=8 (full 3):
 PSYoungGen      total 29696K, used 0K [0x00000000eab00000, 0x00000000ecc00000, 0x0000000100000000)
  eden space 25600K, 0% used [0x00000000eab00000,0x00000000eab00000,0x00000000ec400000)
  from space 4096K, 0% used [0x00000000ec800000,0x00000000ec800000,0x00000000ecc00000)
  to   space 4096K, 0% used [0x00000000ec400000,0x00000000ec400000,0x00000000ec800000)
 ParOldGen       total 68608K, used 9732K [0x00000000c0000000, 0x00000000c4300000, 0x00000000eab00000)
  object space 68608K, 14% used [0x00000000c0000000,0x00000000c0981150,0x00000000c4300000)
 Metaspace       used 21792K, capacity 22935K, committed 23040K, reserved 1085440K
  class space    used 2042K, capacity 2477K, committed 2560K, reserved 1048576K
}
Event: 3.584 GC heap after
{Heap after GC invocations=8 (full 3):
 PSYoungGen      total 29696K, used 0K [0x00000000eab00000, 0x00000000ec880000, 0x0000000100000000)
  eden space 25600K, 0% used [0x00000000eab00000,0x00000000eab00000,0x00000000ec400000)
  from space 4096K, 0% used [0x00000000ec400000,0x00000000ec400000,0x00000000ec800000)
  to   space 512K, 0% used [0x00000000ec800000,0x00000000ec800000,0x00000000ec880000)
 ParOldGen       total 68608K, used 9732K [0x00000000c0000000, 0x00000000c4300000, 0x00000000eab00000)
  object space 68608K, 14% used [0x00000000c0000000,0x00000000c0981150,0x00000000c4300000)
 Metaspace       used 21792K, capacity 22935K, committed 23040K, reserved 1085440K
  class space    used 2042K, capacity 2477K, committed 2560K, reserved 1048576K
}
Event: 3.584 GC heap before
{Heap before GC invocations=9 (full 4):
 PSYoungGen      total 29696K, used 0K [0x00000000eab00000, 0x00000000ec880000, 0x0000000100000000)
  eden space 25600K, 0% used [0x00000000eab00000,0x00000000eab00000,0x00000000ec400000)
  from space 4096K, 0% used [0x00000000ec400000,0x00000000ec400000,0x00000000ec800000)
  to   space 512K, 0% used [0x00000000ec800000,0x00000000ec800000,0x00000000ec880000)
 ParOldGen       total 68608K, used 9732K [0x00000000c0000000, 0x00000000c4300000, 0x00000000eab00000)
  object space 68608K, 14% used [0x00000000c0000000,0x00000000c0981150,0x00000000c4300000)
 Metaspace       used 21792K, capacity 22935K, committed 23040K, reserved 1085440K
  class space    used 2042K, capacity 2477K, committed 2560K, reserved 1048576K
}
Event: 3.689 GC heap after
{Heap after GC invocations=9 (full 4):
 PSYoungGen      total 29696K, used 0K [0x00000000eab00000, 0x00000000ec880000, 0x0000000100000000)
  eden space 25600K, 0% used [0x00000000eab00000,0x00000000eab00000,0x00000000ec400000)
  from space 4096K, 0% used [0x00000000ec400000,0x00000000ec400000,0x00000000ec800000)
  to   space 512K, 0% used [0x00000000ec800000,0x00000000ec800000,0x00000000ec880000)
 ParOldGen       total 68608K, used 9036K [0x00000000c0000000, 0x00000000c4300000, 0x00000000eab00000)
  object space 68608K, 13% used [0x00000000c0000000,0x00000000c08d3120,0x00000000c4300000)
 Metaspace       used 21720K, capacity 22826K, committed 23040K, reserved 1073152K
  class space    used 2024K, capacity 2442K, committed 2560K, reserved 1048576K
}

Deoptimization events (10 events):
Event: 3.004 Thread 0x0000018532a9d800 Uncommon trap: reason=class_check action=maybe_recompile pc=0x000001852695a714 method=java.io.DataInputStream.readInt()I @ 4 c2
Event: 3.082 Thread 0x0000018532a9d800 Uncommon trap: reason=unstable_if action=reinterpret pc=0x000001852692c930 method=java.lang.StringLatin1.canEncode(I)Z @ 4 c2
Event: 3.082 Thread 0x0000018532a9d800 Uncommon trap: reason=unstable_if action=reinterpret pc=0x000001852692d118 method=java.lang.AbstractStringBuilder.isLatin1()Z @ 10 c2
Event: 3.082 Thread 0x0000018532a9d800 Uncommon trap: reason=unstable_if action=reinterpret pc=0x000001852694a678 method=java.lang.AbstractStringBuilder.isLatin1()Z @ 10 c2
Event: 3.220 Thread 0x0000018532a9d800 Uncommon trap: reason=class_check action=maybe_recompile pc=0x0000018526957448 method=java.io.DataInputStream.readFully([BII)V @ 34 c2
Event: 3.221 Thread 0x0000018532a9d800 Uncommon trap: reason=class_check action=maybe_recompile pc=0x0000018526957448 method=java.io.DataInputStream.readFully([BII)V @ 34 c2
Event: 3.221 Thread 0x0000018532a9d800 Uncommon trap: reason=class_check action=maybe_recompile pc=0x0000018526957448 method=java.io.DataInputStream.readFully([BII)V @ 34 c2
Event: 3.221 Thread 0x0000018532a9d800 Uncommon trap: reason=class_check action=maybe_recompile pc=0x0000018526957448 method=java.io.DataInputStream.readFully([BII)V @ 34 c2
Event: 3.225 Thread 0x0000018532a9d800 Uncommon trap: reason=unstable_if action=reinterpret pc=0x00000185269b8c88 method=org.eclipse.core.internal.localstore.SafeChunkyInputStream.compare([B[BI)Z @ 40 c2
Event: 3.434 Thread 0x0000018532a9d800 Uncommon trap: reason=unstable_if action=reinterpret pc=0x0000018526984f00 method=jdk.internal.org.objectweb.asm.Type.getArgumentsAndReturnSizes(Ljava/lang/String;)I @ 47 c2

Classes redefined (0 events):
No events

Internal exceptions (10 events):
Event: 2.188 Thread 0x0000018532a9d800 Exception <a 'java/lang/NoSuchMethodError'{0x00000000eb1b8a28}: java.lang.invoke.DelegatingMethodHandle$Holder.reinvoke_L(Ljava/lang/Object;IILjava/lang/Object;Ljava/lang/Object;Ljava/lang/Object;)Ljava/lang/Object;> (0x00000000eb1b8a28) thrown at [./open
Event: 2.852 Thread 0x0000018532a9d800 Exception <a 'java/io/FileNotFoundException'{0x00000000ebeba080}> (0x00000000ebeba080) thrown at [./open/src/hotspot/share/prims/jni.cpp, line 611]
Event: 3.156 Thread 0x0000018532a9d800 Exception <a 'java/lang/NoSuchMethodError'{0x00000000ec3520b8}: java.lang.invoke.DirectMethodHandle$Holder.invokeSpecial(Ljava/lang/Object;Ljava/lang/Object;Ljava/lang/Object;Ljava/lang/Object;)V> (0x00000000ec3520b8) thrown at [./open/src/hotspot/share/i
Event: 3.166 Thread 0x0000018532a9d800 Exception <a 'java/io/FileNotFoundException'{0x00000000ec37fe38}> (0x00000000ec37fe38) thrown at [./open/src/hotspot/share/prims/jni.cpp, line 611]
Event: 3.411 Thread 0x0000018532a9d800 Exception <a 'java/lang/NoSuchMethodError'{0x00000000eac44480}: java.lang.invoke.DirectMethodHandle$Holder.invokeStaticInit(Ljava/lang/Object;Ljava/lang/Object;Ljava/lang/Object;)I> (0x00000000eac44480) thrown at [./open/src/hotspot/share/interpreter/link
Event: 3.425 Thread 0x0000018532a9d800 Exception <a 'java/lang/IncompatibleClassChangeError'{0x00000000eac8e468}: Found class java.lang.Object, but interface was expected> (0x00000000eac8e468) thrown at [./open/src/hotspot/share/interpreter/linkResolver.cpp, line 838]
Event: 3.456 Thread 0x0000018532a9d800 Exception <a 'sun/nio/fs/WindowsException'{0x00000000ead56090}> (0x00000000ead56090) thrown at [./open/src/hotspot/share/prims/jni.cpp, line 611]
Event: 3.697 Thread 0x0000018532a9d800 Exception <a 'java/io/FileNotFoundException'{0x00000000eab8d590}> (0x00000000eab8d590) thrown at [./open/src/hotspot/share/prims/jni.cpp, line 611]
Event: 3.698 Thread 0x0000018532a9d800 Exception <a 'java/io/FileNotFoundException'{0x00000000eab8e878}> (0x00000000eab8e878) thrown at [./open/src/hotspot/share/prims/jni.cpp, line 611]
Event: 3.699 Thread 0x0000018532a9d800 Exception <a 'java/io/FileNotFoundException'{0x00000000eab8fa68}> (0x00000000eab8fa68) thrown at [./open/src/hotspot/share/prims/jni.cpp, line 611]

Events (10 events):
Event: 3.708 Executing VM operation: RevokeBias
Event: 3.708 Executing VM operation: RevokeBias done
Event: 3.708 Executing VM operation: RevokeBias
Event: 3.708 Executing VM operation: RevokeBias done
Event: 3.712 Executing VM operation: RevokeBias
Event: 3.716 Executing VM operation: RevokeBias done
Event: 3.727 Executing VM operation: RevokeBias
Event: 3.730 Executing VM operation: RevokeBias done
Event: 3.731 Executing VM operation: RevokeBias
Event: 3.731 Executing VM operation: RevokeBias done


Dynamic libraries:
0x00007ff720100000 - 0x00007ff72010f000 	C:\Program Files\Java\jdk-11.0.12\bin\java.exe
0x00007ff9ac5f0000 - 0x00007ff9ac7e5000 	C:\Windows\SYSTEM32\ntdll.dll
0x00007ff9abc60000 - 0x00007ff9abd1d000 	C:\Windows\System32\KERNEL32.DLL
0x00007ff9aa190000 - 0x00007ff9aa458000 	C:\Windows\System32\KERNELBASE.dll
0x00007ff9a9f20000 - 0x00007ff9aa020000 	C:\Windows\System32\ucrtbase.dll
0x00007ff9a3c10000 - 0x00007ff9a3c28000 	C:\Program Files\Java\jdk-11.0.12\bin\jli.dll
0x00007ff9abf40000 - 0x00007ff9abfec000 	C:\Windows\System32\ADVAPI32.dll
0x00007ff9ac480000 - 0x00007ff9ac51e000 	C:\Windows\System32\msvcrt.dll
0x00007ff9ab760000 - 0x00007ff9ab7fb000 	C:\Windows\System32\sechost.dll
0x00007ff9ab5d0000 - 0x00007ff9ab6fb000 	C:\Windows\System32\RPCRT4.dll
0x00007ff9abd90000 - 0x00007ff9abf30000 	C:\Windows\System32\USER32.dll
0x00007ff9aa050000 - 0x00007ff9aa072000 	C:\Windows\System32\win32u.dll
0x00007ff9ac520000 - 0x00007ff9ac54a000 	C:\Windows\System32\GDI32.dll
0x00007ff9a9d70000 - 0x00007ff9a9e7b000 	C:\Windows\System32\gdi32full.dll
0x00007ff9a3b70000 - 0x00007ff9a3b85000 	C:\Program Files\Java\jdk-11.0.12\bin\VCRUNTIME140.dll
0x00007ff998d70000 - 0x00007ff99900a000 	C:\Windows\WinSxS\amd64_microsoft.windows.common-controls_6595b64144ccf1df_6.0.19041.844_none_ca00b6081b84eb1d\COMCTL32.dll
0x00007ff9a9e80000 - 0x00007ff9a9f1d000 	C:\Windows\System32\msvcp_win.dll
0x00007ff99b2f0000 - 0x00007ff99b2fa000 	C:\Windows\SYSTEM32\VERSION.dll
0x00007ff9abb40000 - 0x00007ff9abb70000 	C:\Windows\System32\IMM32.DLL
0x00007ff96f5c0000 - 0x00007ff96f65b000 	C:\Program Files\Java\jdk-11.0.12\bin\msvcp140.dll
0x00007ff96f660000 - 0x00007ff97015f000 	C:\Program Files\Java\jdk-11.0.12\bin\server\jvm.dll
0x00007ff9ac5e0000 - 0x00007ff9ac5e8000 	C:\Windows\System32\PSAPI.DLL
0x00007ff99a040000 - 0x00007ff99a049000 	C:\Windows\SYSTEM32\WSOCK32.dll
0x00007ff9abd20000 - 0x00007ff9abd8b000 	C:\Windows\System32\WS2_32.dll
0x00007ff99a870000 - 0x00007ff99a897000 	C:\Windows\SYSTEM32\WINMM.dll
0x00007ff9a8640000 - 0x00007ff9a8652000 	C:\Windows\SYSTEM32\kernel.appcore.dll
0x00007ff9a3b40000 - 0x00007ff9a3b50000 	C:\Program Files\Java\jdk-11.0.12\bin\verify.dll
0x00007ff9a7230000 - 0x00007ff9a7414000 	C:\Windows\SYSTEM32\DBGHELP.DLL
0x00007ff99b7f0000 - 0x00007ff99b81c000 	C:\Windows\SYSTEM32\dbgcore.DLL
0x00007ff9aa610000 - 0x00007ff9aa690000 	C:\Windows\System32\bcryptPrimitives.dll
0x00007ff994300000 - 0x00007ff994328000 	C:\Program Files\Java\jdk-11.0.12\bin\java.dll
0x00007ff9a31c0000 - 0x00007ff9a31ca000 	C:\Program Files\Java\jdk-11.0.12\bin\jimage.dll
0x00007ff9a22d0000 - 0x00007ff9a22e6000 	C:\Program Files\Java\jdk-11.0.12\bin\zip.dll
0x00007ff9aae80000 - 0x00007ff9ab5c2000 	C:\Windows\System32\SHELL32.dll
0x00007ff9a7e90000 - 0x00007ff9a8621000 	C:\Windows\SYSTEM32\windows.storage.dll
0x00007ff9abff0000 - 0x00007ff9ac345000 	C:\Windows\System32\combase.dll
0x00007ff9a9710000 - 0x00007ff9a973c000 	C:\Windows\SYSTEM32\Wldp.dll
0x00007ff9aba10000 - 0x00007ff9ababe000 	C:\Windows\System32\SHCORE.dll
0x00007ff9abc00000 - 0x00007ff9abc55000 	C:\Windows\System32\shlwapi.dll
0x00007ff9a9cb0000 - 0x00007ff9a9ccf000 	C:\Windows\SYSTEM32\profapi.dll
0x00007ff990e10000 - 0x00007ff990e29000 	C:\Program Files\Java\jdk-11.0.12\bin\net.dll
0x00007ff99d240000 - 0x00007ff99d34b000 	C:\Windows\SYSTEM32\WINHTTP.dll
0x00007ff9a9480000 - 0x00007ff9a94ea000 	C:\Windows\system32\mswsock.dll
0x00007ff990cb0000 - 0x00007ff990cc2000 	C:\Program Files\Java\jdk-11.0.12\bin\nio.dll
0x00007ff9a9650000 - 0x00007ff9a9668000 	C:\Windows\SYSTEM32\CRYPTSP.dll
0x00007ff9a8e20000 - 0x00007ff9a8e54000 	C:\Windows\system32\rsaenh.dll
0x00007ff9aa020000 - 0x00007ff9aa047000 	C:\Windows\System32\bcrypt.dll
0x00007ff9a9c30000 - 0x00007ff9a9c5e000 	C:\Windows\SYSTEM32\USERENV.dll
0x00007ff9a9670000 - 0x00007ff9a967c000 	C:\Windows\SYSTEM32\CRYPTBASE.dll
0x00007ff9a9170000 - 0x00007ff9a91ab000 	C:\Windows\SYSTEM32\IPHLPAPI.DLL
0x00007ff9abf30000 - 0x00007ff9abf38000 	C:\Windows\System32\NSI.dll
0x00007ff9a0570000 - 0x00007ff9a0587000 	C:\Windows\SYSTEM32\dhcpcsvc6.DLL
0x00007ff9a0ca0000 - 0x00007ff9a0cbd000 	C:\Windows\SYSTEM32\dhcpcsvc.DLL
0x00007ff9a91b0000 - 0x00007ff9a927c000 	C:\Windows\SYSTEM32\DNSAPI.dll
0x00007ff990070000 - 0x00007ff9900ae000 	C:\Users\William Aldana\AppData\Roaming\Code\User\globalStorage\redhat.java\1.0.0\config_win\org.eclipse.equinox.launcher\org.eclipse.equinox.launcher.win32.win32.x86_64_1.2.400.v20210928-1041\eclipse_11600.dll
0x00007ff9ac350000 - 0x00007ff9ac47a000 	C:\Windows\System32\ole32.dll

dbghelp: loaded successfully - version: 4.0.5 - missing functions: none
symbol engine: initialized successfully - sym options: 0x614 - pdb path: .;C:\Program Files\Java\jdk-11.0.12\bin;C:\Windows\SYSTEM32;C:\Windows\WinSxS\amd64_microsoft.windows.common-controls_6595b64144ccf1df_6.0.19041.844_none_ca00b6081b84eb1d;C:\Program Files\Java\jdk-11.0.12\bin\server;C:\Users\William Aldana\AppData\Roaming\Code\User\globalStorage\redhat.java\1.0.0\config_win\org.eclipse.equinox.launcher\org.eclipse.equinox.launcher.win32.win32.x86_64_1.2.400.v20210928-1041

VM Arguments:
jvm_args: --add-modules=ALL-SYSTEM --add-opens=java.base/java.util=ALL-UNNAMED --add-opens=java.base/java.lang=ALL-UNNAMED -Declipse.application=org.eclipse.jdt.ls.core.id1 -Dosgi.bundles.defaultStartLevel=4 -Declipse.product=org.eclipse.jdt.ls.core.product -Dfile.encoding=utf8 -DwatchParentProcess=false -XX:+UseParallelGC -XX:GCTimeRatio=4 -XX:AdaptiveSizePolicyWeight=90 -Dsun.zip.disableMemoryMapping=true -Xmx1G -Xms100m -Xverify:none 
java_command: c:\Users\William Aldana\.vscode\extensions\redhat.java-1.0.0\server\plugins\org.eclipse.equinox.launcher_1.6.400.v20210924-0641.jar -configuration c:\Users\William Aldana\AppData\Roaming\Code\User\globalStorage\redhat.java\1.0.0\config_win -data c:\Users\William Aldana\AppData\Roaming\Code\User\workspaceStorage\30edd49cbc6005e2528ee9d81e6d94ed\redhat.java\jdt_ws
java_class_path (initial): c:\Users\William Aldana\.vscode\extensions\redhat.java-1.0.0\server\plugins\org.eclipse.equinox.launcher_1.6.400.v20210924-0641.jar
Launcher Type: SUN_STANDARD

[Global flags]
    uintx AdaptiveSizePolicyWeight                 = 90                                        {product} {command line}
     bool BytecodeVerificationLocal                = false                                     {product} {command line}
     bool BytecodeVerificationRemote               = false                                     {product} {command line}
     intx CICompilerCount                          = 3                                         {product} {ergonomic}
    uintx GCTimeRatio                              = 4                                         {product} {command line}
   size_t InitialHeapSize                          = 104857600                                 {product} {command line}
   size_t MaxHeapSize                              = 1073741824                                {product} {command line}
   size_t MaxNewSize                               = 357564416                                 {product} {ergonomic}
   size_t MinHeapDeltaBytes                        = 524288                                    {product} {ergonomic}
   size_t NewSize                                  = 34603008                                  {product} {ergonomic}
    uintx NonNMethodCodeHeapSize                   = 5830732                                {pd product} {ergonomic}
    uintx NonProfiledCodeHeapSize                  = 122913754                              {pd product} {ergonomic}
   size_t OldSize                                  = 70254592                                  {product} {ergonomic}
    uintx ProfiledCodeHeapSize                     = 122913754                              {pd product} {ergonomic}
    uintx ReservedCodeCacheSize                    = 251658240                              {pd product} {ergonomic}
     bool SegmentedCodeCache                       = true                                      {product} {ergonomic}
     bool UseCompressedClassPointers               = true                                 {lp64_product} {ergonomic}
     bool UseCompressedOops                        = true                                 {lp64_product} {ergonomic}
     bool UseLargePagesIndividualAllocation        = false                                  {pd product} {ergonomic}
     bool UseParallelGC                            = true                                      {product} {command line}

Logging:
Log output configuration:
 #0: stdout all=warning uptime,level,tags
 #1: stderr all=off uptime,level,tags

Environment Variables:
PATH=C:\Program Files\Common Files\Oracle\Java\javapath;C:\Program Files (x86)\Common Files\Oracle\Java\javapath;C:\Windows\system32;C:\Windows;C:\Windows\System32\Wbem;C:\Windows\System32\WindowsPowerShell\v1.0\;C:\Windows\System32\OpenSSH\;C:\Program Files\Git\cmd;C:\Users\William Aldana\AppData\Local\Programs\Python\Python310\Scripts\;C:\Users\William Aldana\AppData\Local\Programs\Python\Python310\;C:\Users\William Aldana\AppData\Local\Microsoft\WindowsApps;C:\Users\William Aldana\AppData\Local\Programs\Microsoft VS Code\bin;C:\Users\William Aldana\AppData\Local\GitHubDesktop\bin
USERNAME=William Aldana
OS=Windows_NT
PROCESSOR_IDENTIFIER=Intel64 Family 6 Model 58 Stepping 9, GenuineIntel



---------------  S Y S T E M  ---------------

OS: Windows 10 , 64 bit Build 19041 (10.0.19041.928)

CPU:total 4 (initial active 4) (2 cores per cpu, 2 threads per core) family 6 model 58 stepping 9 microcode 0x21, cmov, cx8, fxsr, mmx, sse, sse2, sse3, ssse3, sse4.1, sse4.2, popcnt, avx, aes, clmul, erms, ht, tsc, tscinvbit, tscinv

Memory: 4k page, system-wide physical 3999M (229M free)
TotalPageFile size 3999M (AvailPageFile size 3M)
current process WorkingSet (physical memory assigned to process): 110M, peak: 111M
current process commit charge ("private bytes"): 209M, peak: 210M

vm_info: Java HotSpot(TM) 64-Bit Server VM (11.0.12+8-LTS-237) for windows-amd64 JRE (11.0.12+8-LTS-237), built on Jun  8 2021 11:25:59 by "mach5one" with MS VC++ 15.9 (VS2017)

END.
