#
# There is insufficient memory for the Java Runtime Environment to continue.
# Native memory allocation (malloc) failed to allocate 198816 bytes for Chunk::new
# Possible reasons:
#   The system is out of physical RAM or swap space
#   The process is running with CompressedOops enabled, and the Java Heap may be blocking the growth of the native heap
# Possible solutions:
#   Reduce memory load on the system
#   Increase physical memory or swap space
#   Check if swap backing store is full
#   Decrease Java heap size (-Xmx/-Xms)
#   Decrease number of Java threads
#   Decrease Java thread stack sizes (-Xss)
#   Set larger code cache with -XX:ReservedCodeCacheSize=
#   JVM is running with Unscaled Compressed Oops mode in which the Java heap is
#     placed in the first 4GB address space. The Java Heap base address is the
#     maximum limit for the native heap growth. Please use -XX:HeapBaseMinAddress
#     to set the Java Heap base and to place the Java Heap above 4GB virtual address.
# This output file may be truncated or incomplete.
#
#  Out of Memory Error (./open/src/hotspot/share/memory/arena.cpp:197), pid=756, tid=7068
#
# JRE version: Java(TM) SE Runtime Environment 18.9 (11.0.12+8) (build 11.0.12+8-LTS-237)
# Java VM: Java HotSpot(TM) 64-Bit Server VM 18.9 (11.0.12+8-LTS-237, mixed mode, tiered, compressed oops, parallel gc, windows-amd64)
# No core dump will be written. Minidumps are not enabled by default on client versions of Windows
#

---------------  S U M M A R Y ------------

Command Line: --add-modules=ALL-SYSTEM --add-opens=java.base/java.util=ALL-UNNAMED --add-opens=java.base/java.lang=ALL-UNNAMED -Declipse.application=org.eclipse.jdt.ls.core.id1 -Dosgi.bundles.defaultStartLevel=4 -Declipse.product=org.eclipse.jdt.ls.core.product -Dfile.encoding=utf8 -DwatchParentProcess=false -XX:+UseParallelGC -XX:GCTimeRatio=4 -XX:AdaptiveSizePolicyWeight=90 -Dsun.zip.disableMemoryMapping=true -Xmx1G -Xms100m -Xverify:none c:\Users\William Aldana\.vscode\extensions\redhat.java-1.0.0\server\plugins\org.eclipse.equinox.launcher_1.6.400.v20210924-0641.jar -configuration c:\Users\William Aldana\AppData\Roaming\Code\User\globalStorage\redhat.java\1.0.0\config_ss_win -data c:\Users\William Aldana\AppData\Roaming\Code\User\workspaceStorage\30edd49cbc6005e2528ee9d81e6d94ed\redhat.java\ss_ws

Host: Intel(R) Core(TM) i7-3540M CPU @ 3.00GHz, 4 cores, 3G,  Windows 10 , 64 bit Build 19041 (10.0.19041.928)
Time: Sat Nov 13 03:10:51 2021 Hora est. Pacífico, Sudamérica elapsed time: 0.700218 seconds (0d 0h 0m 0s)

---------------  T H R E A D  ---------------

Current thread (0x0000024850f6d800):  JavaThread "C2 CompilerThread0" daemon [_thread_in_native, id=7068, stack(0x0000007c74100000,0x0000007c74200000)]


Current CompileTask:
C2:    700  456       4       sun.security.provider.SHA2::implCompress0 (322 bytes)

Stack: [0x0000007c74100000,0x0000007c74200000]
Native frames: (J=compiled Java code, j=interpreted, Vv=VM code, C=native code)
V  [jvm.dll+0x617d9a]
V  [jvm.dll+0x74eeef]
V  [jvm.dll+0x750599]
V  [jvm.dll+0x750c23]
V  [jvm.dll+0x2438d8]
V  [jvm.dll+0xba6dc]
V  [jvm.dll+0xbac9c]
V  [jvm.dll+0x2b4564]
V  [jvm.dll+0x52cc86]
V  [jvm.dll+0x20515d]
V  [jvm.dll+0x1ff15a]
V  [jvm.dll+0x1fc1ca]
V  [jvm.dll+0x17f18c]
V  [jvm.dll+0x20b87c]
V  [jvm.dll+0x20997b]
V  [jvm.dll+0x716359]
V  [jvm.dll+0x70f064]
V  [jvm.dll+0x616f66]
C  [ucrtbase.dll+0x21bb2]
C  [KERNEL32.DLL+0x17034]
C  [ntdll.dll+0x52651]


---------------  P R O C E S S  ---------------

Threads class SMR info:
_java_thread_list=0x00000248520ef9a0, length=10, elements={
0x00000248370a7800, 0x0000024850ef8800, 0x0000024850efb000, 0x0000024850f67800,
0x0000024850f69800, 0x0000024850f6c800, 0x0000024850f6d800, 0x0000024850f23000,
0x00000248520ec000, 0x00000248521cd000
}

Java Threads: ( => current thread )
  0x00000248370a7800 JavaThread "main" [_thread_blocked, id=6740, stack(0x0000007c73900000,0x0000007c73a00000)]
  0x0000024850ef8800 JavaThread "Reference Handler" daemon [_thread_blocked, id=5384, stack(0x0000007c73c00000,0x0000007c73d00000)]
  0x0000024850efb000 JavaThread "Finalizer" daemon [_thread_blocked, id=544, stack(0x0000007c73d00000,0x0000007c73e00000)]
  0x0000024850f67800 JavaThread "Signal Dispatcher" daemon [_thread_blocked, id=4084, stack(0x0000007c73e00000,0x0000007c73f00000)]
  0x0000024850f69800 JavaThread "Attach Listener" daemon [_thread_blocked, id=7772, stack(0x0000007c73f00000,0x0000007c74000000)]
  0x0000024850f6c800 JavaThread "Service Thread" daemon [_thread_blocked, id=6736, stack(0x0000007c74000000,0x0000007c74100000)]
=>0x0000024850f6d800 JavaThread "C2 CompilerThread0" daemon [_thread_in_native, id=7068, stack(0x0000007c74100000,0x0000007c74200000)]
  0x0000024850f23000 JavaThread "C1 CompilerThread0" daemon [_thread_blocked, id=2844, stack(0x0000007c74200000,0x0000007c74300000)]
  0x00000248520ec000 JavaThread "Sweeper thread" daemon [_thread_blocked, id=7960, stack(0x0000007c74300000,0x0000007c74400000)]
  0x00000248521cd000 JavaThread "Common-Cleaner" daemon [_thread_blocked, id=5412, stack(0x0000007c74400000,0x0000007c74500000)]

Other Threads:
  0x0000024850ef6000 VMThread "VM Thread" [stack: 0x0000007c73b00000,0x0000007c73c00000] [id=632]
  0x00000248522f8800 WatcherThread [stack: 0x0000007c74500000,0x0000007c74600000] [id=7556]
  0x00000248370bd800 GCTaskThread "ParGC Thread#0" [stack: 0x0000007c73a00000,0x0000007c73b00000] [id=1260]
  0x0000024852472000 GCTaskThread "ParGC Thread#1" [stack: 0x0000007c74600000,0x0000007c74700000] [id=396]

Threads with active compile tasks:
C2 CompilerThread0    720  456       4       sun.security.provider.SHA2::implCompress0 (322 bytes)
C1 CompilerThread0    720  484   !   3       java.util.jar.Attributes::read (390 bytes)

VM state:at safepoint (normal execution)

VM Mutex/Monitor currently owned by a thread:  ([mutex/lock_event])
[0x00000248370a61f0] Threads_lock - owner thread: 0x0000024850ef6000
[0x00000248370a5b30] Heap_lock - owner thread: 0x00000248370a7800
[0x00000248370a6700] MethodData_lock - owner thread: 0x00000248370a7800

Heap address: 0x00000000c0000000, size: 1024 MB, Compressed Oops mode: 32-bit
Narrow klass base: 0x0000000000000000, Narrow klass shift: 3
Compressed class space size: 1073741824 Address: 0x0000000100000000

Heap:
 PSYoungGen      total 29696K, used 1757K [0x00000000eab00000, 0x00000000ecc00000, 0x0000000100000000)
  eden space 25600K, 0% used [0x00000000eab00000,0x00000000eab00000,0x00000000ec400000)
  from space 4096K, 42% used [0x00000000ec400000,0x00000000ec5b7518,0x00000000ec800000)
  to   space 4096K, 0% used [0x00000000ec800000,0x00000000ec800000,0x00000000ecc00000)
 ParOldGen       total 68608K, used 8K [0x00000000c0000000, 0x00000000c4300000, 0x00000000eab00000)
  object space 68608K, 0% used [0x00000000c0000000,0x00000000c0002000,0x00000000c4300000)
 Metaspace       used 8844K, capacity 8937K, committed 9088K, reserved 1067008K
  class space    used 787K, capacity 808K, committed 896K, reserved 1048576K

Card table byte_map: [0x0000024836a70000,0x0000024836c80000] _byte_map_base: 0x0000024836470000

Marking Bits: (ParMarkBitMap*) 0x00007ff9700a67a0
 Begin Bits: [0x000002484e570000, 0x000002484f570000)
 End Bits:   [0x000002484f570000, 0x0000024850570000)

Polling page: 0x0000024835030000

Metaspace:

Usage:
  Non-class:      7.94 MB capacity,     7.87 MB (>99%) used,    65.02 KB ( <1%) free+waste,     7.06 KB ( <1%) overhead. 
      Class:    808.00 KB capacity,   787.36 KB ( 97%) used,    17.77 KB (  2%) free+waste,     2.88 KB ( <1%) overhead. 
       Both:      8.73 MB capacity,     8.64 MB ( 99%) used,    82.78 KB ( <1%) free+waste,     9.94 KB ( <1%) overhead. 

Virtual space:
  Non-class space:       18.00 MB reserved,       8.00 MB ( 44%) committed 
      Class space:        1.00 GB reserved,     896.00 KB ( <1%) committed 
             Both:        1.02 GB reserved,       8.88 MB ( <1%) committed 

Chunk freelists:
   Non-Class:  7.88 KB
       Class:  3.00 KB
        Both:  10.88 KB

CodeHeap 'non-profiled nmethods': size=120064Kb used=123Kb max_used=123Kb free=119940Kb
 bounds [0x0000024847030000, 0x00000248472a0000, 0x000002484e570000]
CodeHeap 'profiled nmethods': size=120000Kb used=691Kb max_used=691Kb free=119308Kb
 bounds [0x000002483fb00000, 0x000002483fd70000, 0x0000024847030000]
CodeHeap 'non-nmethods': size=5696Kb used=1055Kb max_used=1068Kb free=4640Kb
 bounds [0x000002483f570000, 0x000002483f7e0000, 0x000002483fb00000]
 total_blobs=828 nmethods=478 adapters=264
 compilation: enabled
              stopped_count=0, restarted_count=0
 full_count=0

Compilation events (10 events):
Event: 0.692 Thread 0x0000024850f23000 nmethod 453 0x000002483fba3690 code [0x000002483fba3960, 0x000002483fba4e18]
Event: 0.692 Thread 0x0000024850f23000  455       3       java.lang.invoke.MethodType$ConcurrentWeakInternSet$WeakEntry::equals (49 bytes)
Event: 0.693 Thread 0x0000024850f6d800  456       4       sun.security.provider.SHA2::implCompress0 (322 bytes)
Event: 0.693 Thread 0x0000024850f23000 nmethod 455 0x000002483fba5390 code [0x000002483fba5560, 0x000002483fba5b68]
Event: 0.693 Thread 0x0000024850f23000  454       1       java.lang.invoke.MethodTypeForm::erasedType (5 bytes)
Event: 0.693 Thread 0x0000024850f23000 nmethod 454 0x000002484704df90 code [0x000002484704e120, 0x000002484704e1d8]
Event: 0.695 Thread 0x0000024850f23000  457       3       java.util.concurrent.ConcurrentHashMap$Traverser::advance (188 bytes)
Event: 0.696 Thread 0x0000024850f23000 nmethod 457 0x000002483fba5c90 code [0x000002483fba5ee0, 0x000002483fba6bb8]
Event: 0.696 Thread 0x0000024850f23000  458       3       java.util.concurrent.ConcurrentHashMap$BaseIterator::hasNext (13 bytes)
Event: 0.696 Thread 0x0000024850f23000 nmethod 458 0x000002483fba6e90 code [0x000002483fba7020, 0x000002483fba7178]

GC Heap History (0 events):
No events

Deoptimization events (6 events):
Event: 0.341 Thread 0x00000248370a7800 Uncommon trap: reason=unstable_if action=reinterpret pc=0x0000024847036478 method=java.lang.String.isLatin1()Z @ 10 c2
Event: 0.395 Thread 0x00000248370a7800 Uncommon trap: reason=class_check action=maybe_recompile pc=0x000002484703b63c method=java.util.HashMap.putVal(ILjava/lang/Object;Ljava/lang/Object;ZZ)Ljava/lang/Object; @ 152 c2
Event: 0.395 Thread 0x00000248370a7800 Uncommon trap: reason=class_check action=maybe_recompile pc=0x000002484703b63c method=java.util.HashMap.putVal(ILjava/lang/Object;Ljava/lang/Object;ZZ)Ljava/lang/Object; @ 152 c2
Event: 0.395 Thread 0x00000248370a7800 Uncommon trap: reason=class_check action=maybe_recompile pc=0x000002484703b63c method=java.util.HashMap.putVal(ILjava/lang/Object;Ljava/lang/Object;ZZ)Ljava/lang/Object; @ 152 c2
Event: 0.395 Thread 0x00000248370a7800 Uncommon trap: reason=class_check action=maybe_recompile pc=0x000002484703b63c method=java.util.HashMap.putVal(ILjava/lang/Object;Ljava/lang/Object;ZZ)Ljava/lang/Object; @ 152 c2
Event: 0.426 Thread 0x00000248370a7800 Uncommon trap: reason=unstable_if action=reinterpret pc=0x0000024847040850 method=java.util.HashMap.putVal(ILjava/lang/Object;Ljava/lang/Object;ZZ)Ljava/lang/Object; @ 181 c2

Classes redefined (0 events):
No events

Internal exceptions (6 events):
Event: 0.659 Thread 0x00000248370a7800 Exception <a 'java/lang/ClassNotFoundException'{0x00000000eaf85760}: sun/net/www/protocol/c/Handler> (0x00000000eaf85760) thrown at [./open/src/hotspot/share/classfile/systemDictionary.cpp, line 228]
Event: 0.666 Thread 0x00000248370a7800 Exception <a 'java/io/FileNotFoundException'{0x00000000eaf94780}> (0x00000000eaf94780) thrown at [./open/src/hotspot/share/prims/jni.cpp, line 611]
Event: 0.666 Thread 0x00000248370a7800 Exception <a 'java/io/FileNotFoundException'{0x00000000eaf955e0}> (0x00000000eaf955e0) thrown at [./open/src/hotspot/share/prims/jni.cpp, line 611]
Event: 0.666 Thread 0x00000248370a7800 Exception <a 'java/io/FileNotFoundException'{0x00000000eaf962f8}> (0x00000000eaf962f8) thrown at [./open/src/hotspot/share/prims/jni.cpp, line 611]
Event: 0.667 Thread 0x00000248370a7800 Exception <a 'java/io/FileNotFoundException'{0x00000000eaf97028}> (0x00000000eaf97028) thrown at [./open/src/hotspot/share/prims/jni.cpp, line 611]
Event: 0.678 Thread 0x00000248370a7800 Exception <a 'java/io/FileNotFoundException'{0x00000000eafb32b8}> (0x00000000eafb32b8) thrown at [./open/src/hotspot/share/prims/jni.cpp, line 611]

Events (10 events):
Event: 0.694 loading class sun/nio/fs/AbstractAclFileAttributeView done
Event: 0.694 loading class sun/nio/fs/WindowsAclFileAttributeView done
Event: 0.695 loading class sun/nio/fs/WindowsSecurity
Event: 0.695 loading class sun/nio/fs/WindowsSecurity done
Event: 0.696 loading class sun/nio/fs/WindowsFileStore
Event: 0.696 loading class java/nio/file/FileStore
Event: 0.696 loading class java/nio/file/FileStore done
Event: 0.696 loading class sun/nio/fs/WindowsFileStore done
Event: 0.698 loading class org/eclipse/equinox/launcher/Main$Identifier
Event: 0.698 loading class org/eclipse/equinox/launcher/Main$Identifier done


Dynamic libraries:
0x00007ff720100000 - 0x00007ff72010f000 	C:\Program Files\Java\jdk-11.0.12\bin\java.exe
0x00007ff9ac5f0000 - 0x00007ff9ac7e5000 	C:\Windows\SYSTEM32\ntdll.dll
0x00007ff9abc60000 - 0x00007ff9abd1d000 	C:\Windows\System32\KERNEL32.DLL
0x00007ff9aa190000 - 0x00007ff9aa458000 	C:\Windows\System32\KERNELBASE.dll
0x00007ff9a9f20000 - 0x00007ff9aa020000 	C:\Windows\System32\ucrtbase.dll
0x00007ff9a3b70000 - 0x00007ff9a3b85000 	C:\Program Files\Java\jdk-11.0.12\bin\VCRUNTIME140.dll
0x00007ff9a3c10000 - 0x00007ff9a3c28000 	C:\Program Files\Java\jdk-11.0.12\bin\jli.dll
0x00007ff9abf40000 - 0x00007ff9abfec000 	C:\Windows\System32\ADVAPI32.dll
0x00007ff9ac480000 - 0x00007ff9ac51e000 	C:\Windows\System32\msvcrt.dll
0x00007ff9ab760000 - 0x00007ff9ab7fb000 	C:\Windows\System32\sechost.dll
0x00007ff9ab5d0000 - 0x00007ff9ab6fb000 	C:\Windows\System32\RPCRT4.dll
0x00007ff9abd90000 - 0x00007ff9abf30000 	C:\Windows\System32\USER32.dll
0x00007ff9aa050000 - 0x00007ff9aa072000 	C:\Windows\System32\win32u.dll
0x00007ff9ac520000 - 0x00007ff9ac54a000 	C:\Windows\System32\GDI32.dll
0x00007ff9a9d70000 - 0x00007ff9a9e7b000 	C:\Windows\System32\gdi32full.dll
0x00007ff9a9e80000 - 0x00007ff9a9f1d000 	C:\Windows\System32\msvcp_win.dll
0x00007ff998d70000 - 0x00007ff99900a000 	C:\Windows\WinSxS\amd64_microsoft.windows.common-controls_6595b64144ccf1df_6.0.19041.844_none_ca00b6081b84eb1d\COMCTL32.dll
0x00007ff99b2f0000 - 0x00007ff99b2fa000 	C:\Windows\SYSTEM32\VERSION.dll
0x00007ff9abb40000 - 0x00007ff9abb70000 	C:\Windows\System32\IMM32.DLL
0x00007ff96f5c0000 - 0x00007ff96f65b000 	C:\Program Files\Java\jdk-11.0.12\bin\msvcp140.dll
0x00007ff96f660000 - 0x00007ff97015f000 	C:\Program Files\Java\jdk-11.0.12\bin\server\jvm.dll
0x00007ff9ac5e0000 - 0x00007ff9ac5e8000 	C:\Windows\System32\PSAPI.DLL
0x00007ff99a040000 - 0x00007ff99a049000 	C:\Windows\SYSTEM32\WSOCK32.dll
0x00007ff9abd20000 - 0x00007ff9abd8b000 	C:\Windows\System32\WS2_32.dll
0x00007ff99a870000 - 0x00007ff99a897000 	C:\Windows\SYSTEM32\WINMM.dll
0x00007ff9a8640000 - 0x00007ff9a8652000 	C:\Windows\SYSTEM32\kernel.appcore.dll
0x00007ff9a3b40000 - 0x00007ff9a3b50000 	C:\Program Files\Java\jdk-11.0.12\bin\verify.dll
0x00007ff9a7230000 - 0x00007ff9a7414000 	C:\Windows\SYSTEM32\DBGHELP.DLL
0x00007ff99b7f0000 - 0x00007ff99b81c000 	C:\Windows\SYSTEM32\dbgcore.DLL
0x00007ff9aa610000 - 0x00007ff9aa690000 	C:\Windows\System32\bcryptPrimitives.dll
0x00007ff994300000 - 0x00007ff994328000 	C:\Program Files\Java\jdk-11.0.12\bin\java.dll
0x00007ff9a31c0000 - 0x00007ff9a31ca000 	C:\Program Files\Java\jdk-11.0.12\bin\jimage.dll
0x00007ff9a22d0000 - 0x00007ff9a22e6000 	C:\Program Files\Java\jdk-11.0.12\bin\zip.dll
0x00007ff9aae80000 - 0x00007ff9ab5c2000 	C:\Windows\System32\SHELL32.dll
0x00007ff9a7e90000 - 0x00007ff9a8621000 	C:\Windows\SYSTEM32\windows.storage.dll
0x00007ff9abff0000 - 0x00007ff9ac345000 	C:\Windows\System32\combase.dll
0x00007ff9a9710000 - 0x00007ff9a973c000 	C:\Windows\SYSTEM32\Wldp.dll
0x00007ff9aba10000 - 0x00007ff9ababe000 	C:\Windows\System32\SHCORE.dll
0x00007ff9abc00000 - 0x00007ff9abc55000 	C:\Windows\System32\shlwapi.dll
0x00007ff9a9cb0000 - 0x00007ff9a9ccf000 	C:\Windows\SYSTEM32\profapi.dll
0x00007ff990e10000 - 0x00007ff990e29000 	C:\Program Files\Java\jdk-11.0.12\bin\net.dll
0x00007ff99d240000 - 0x00007ff99d34b000 	C:\Windows\SYSTEM32\WINHTTP.dll
0x00007ff9a9480000 - 0x00007ff9a94ea000 	C:\Windows\system32\mswsock.dll
0x00007ff990cb0000 - 0x00007ff990cc2000 	C:\Program Files\Java\jdk-11.0.12\bin\nio.dll

dbghelp: loaded successfully - version: 4.0.5 - missing functions: none
symbol engine: initialized successfully - sym options: 0x614 - pdb path: .;C:\Program Files\Java\jdk-11.0.12\bin;C:\Windows\SYSTEM32;C:\Windows\WinSxS\amd64_microsoft.windows.common-controls_6595b64144ccf1df_6.0.19041.844_none_ca00b6081b84eb1d;C:\Program Files\Java\jdk-11.0.12\bin\server

VM Arguments:
jvm_args: --add-modules=ALL-SYSTEM --add-opens=java.base/java.util=ALL-UNNAMED --add-opens=java.base/java.lang=ALL-UNNAMED -Declipse.application=org.eclipse.jdt.ls.core.id1 -Dosgi.bundles.defaultStartLevel=4 -Declipse.product=org.eclipse.jdt.ls.core.product -Dfile.encoding=utf8 -DwatchParentProcess=false -XX:+UseParallelGC -XX:GCTimeRatio=4 -XX:AdaptiveSizePolicyWeight=90 -Dsun.zip.disableMemoryMapping=true -Xmx1G -Xms100m -Xverify:none 
java_command: c:\Users\William Aldana\.vscode\extensions\redhat.java-1.0.0\server\plugins\org.eclipse.equinox.launcher_1.6.400.v20210924-0641.jar -configuration c:\Users\William Aldana\AppData\Roaming\Code\User\globalStorage\redhat.java\1.0.0\config_ss_win -data c:\Users\William Aldana\AppData\Roaming\Code\User\workspaceStorage\30edd49cbc6005e2528ee9d81e6d94ed\redhat.java\ss_ws
java_class_path (initial): c:\Users\William Aldana\.vscode\extensions\redhat.java-1.0.0\server\plugins\org.eclipse.equinox.launcher_1.6.400.v20210924-0641.jar
Launcher Type: SUN_STANDARD

[Global flags]
    uintx AdaptiveSizePolicyWeight                 = 90                                        {product} {command line}
     bool BytecodeVerificationLocal                = false                                     {product} {command line}
     bool BytecodeVerificationRemote               = false                                     {product} {command line}
     intx CICompilerCount                          = 3                                         {product} {ergonomic}
    uintx GCTimeRatio                              = 4                                         {product} {command line}
   size_t InitialHeapSize                          = 104857600                                 {product} {command line}
   size_t MaxHeapSize                              = 1073741824                                {product} {command line}
   size_t MaxNewSize                               = 357564416                                 {product} {ergonomic}
   size_t MinHeapDeltaBytes                        = 524288                                    {product} {ergonomic}
   size_t NewSize                                  = 34603008                                  {product} {ergonomic}
    uintx NonNMethodCodeHeapSize                   = 5830732                                {pd product} {ergonomic}
    uintx NonProfiledCodeHeapSize                  = 122913754                              {pd product} {ergonomic}
   size_t OldSize                                  = 70254592                                  {product} {ergonomic}
    uintx ProfiledCodeHeapSize                     = 122913754                              {pd product} {ergonomic}
    uintx ReservedCodeCacheSize                    = 251658240                              {pd product} {ergonomic}
     bool SegmentedCodeCache                       = true                                      {product} {ergonomic}
     bool UseCompressedClassPointers               = true                                 {lp64_product} {ergonomic}
     bool UseCompressedOops                        = true                                 {lp64_product} {ergonomic}
     bool UseLargePagesIndividualAllocation        = false                                  {pd product} {ergonomic}
     bool UseParallelGC                            = true                                      {product} {command line}

Logging:
Log output configuration:
 #0: stdout all=warning uptime,level,tags
 #1: stderr all=off uptime,level,tags

Environment Variables:
PATH=C:\Program Files\Common Files\Oracle\Java\javapath;C:\Program Files (x86)\Common Files\Oracle\Java\javapath;C:\Windows\system32;C:\Windows;C:\Windows\System32\Wbem;C:\Windows\System32\WindowsPowerShell\v1.0\;C:\Windows\System32\OpenSSH\;C:\Program Files\Git\cmd;C:\Users\William Aldana\AppData\Local\Programs\Python\Python310\Scripts\;C:\Users\William Aldana\AppData\Local\Programs\Python\Python310\;C:\Users\William Aldana\AppData\Local\Microsoft\WindowsApps;C:\Users\William Aldana\AppData\Local\Programs\Microsoft VS Code\bin;C:\Users\William Aldana\AppData\Local\GitHubDesktop\bin
USERNAME=William Aldana
OS=Windows_NT
PROCESSOR_IDENTIFIER=Intel64 Family 6 Model 58 Stepping 9, GenuineIntel



---------------  S Y S T E M  ---------------

OS: Windows 10 , 64 bit Build 19041 (10.0.19041.928)

CPU:total 4 (initial active 4) (2 cores per cpu, 2 threads per core) family 6 model 58 stepping 9 microcode 0x21, cmov, cx8, fxsr, mmx, sse, sse2, sse3, ssse3, sse4.1, sse4.2, popcnt, avx, aes, clmul, erms, ht, tsc, tscinvbit, tscinv

Memory: 4k page, system-wide physical 3999M (159M free)
TotalPageFile size 3999M (AvailPageFile size 5M)
current process WorkingSet (physical memory assigned to process): 40M, peak: 40M
current process commit charge ("private bytes"): 177M, peak: 177M

vm_info: Java HotSpot(TM) 64-Bit Server VM (11.0.12+8-LTS-237) for windows-amd64 JRE (11.0.12+8-LTS-237), built on Jun  8 2021 11:25:59 by "mach5one" with MS VC++ 15.9 (VS2017)

END.
